file: easy/instances/vpphard/instances/0.lp                       , Per iteration time: 0.007, Num cons: 2358, Num BDD layers: 34502.
file: easy/instances/vpphard/instances/1.lp                       , Per iteration time: 0.004, Num cons: 1685, Num BDD layers: 18491.
file: easy/instances/chromaticindex1024-7/instances/0.lp          , Per iteration time: 0.000, Num cons: 6, Num BDD layers: 22.
file: easy/instances/air04/instances/0.lp                         , Per iteration time: 0.009, Num cons: 598, Num BDD layers: 45814.
file: easy/instances/ab67-40-100/instances/0.lp                   , Per iteration time: 0.001, Num cons: 27, Num BDD layers: 534.
file: easy/instances/disctom/instances/0.lp                       , Per iteration time: 0.004, Num cons: 394, Num BDD layers: 30367.
file: easy/instances/f2gap801600/instances/0.lp                   , Per iteration time: 0.005, Num cons: 80, Num BDD layers: 3280.
file: easy/instances/graph20-20-1rand/instances/0.lp              , Per iteration time: 0.001, Num cons: 2429, Num BDD layers: 12198.
file: easy/instances/sorrell8/instances/0.lp                      , Per iteration time: 0.000, Num cons: 1554, Num BDD layers: 11083.
file: easy/instances/eil33-2/instances/0.lp                       , Per iteration time: 0.063, Num cons: 32, Num BDD layers: 44275.
file: easy/instances/stein9inf/instances/0.lp                     , Per iteration time: 0.000, Num cons: 13, Num BDD layers: 58.
file: easy/instances/mod010/instances/0.lp                        , Per iteration time: 0.030, Num cons: 141, Num BDD layers: 8808.
file: easy/instances/qap10/instances/0.lp                         , Per iteration time: 0.000, Num cons: 1820, Num BDD layers: 20020.
file: easy/instances/toll-like/instances/0.lp                     , Per iteration time: 0.000, Num cons: 2148, Num BDD layers: 8592.
file: easy/instances/neos-1599274/instances/0.lp                  , Per iteration time: 0.018, Num cons: 1169, Num BDD layers: 44069.
file: easy/instances/netdiversion/instances/0.lp                  , Per iteration time: 0.000, Num cons: 2469, Num BDD layers: 14307.
file: easy/instances/netdiversion/instances/1.lp                  , Per iteration time: 0.000, Num cons: 2466, Num BDD layers: 14616.
file: easy/instances/netdiversion/instances/10.lp                 , Per iteration time: 0.000, Num cons: 2467, Num BDD layers: 14690.
file: easy/instances/netdiversion/instances/11.lp                 , Per iteration time: 0.000, Num cons: 2, Num BDD layers: 8.
file: easy/instances/netdiversion/instances/12.lp                 , Per iteration time: 0.000, Num cons: 2481, Num BDD layers: 14383.
file: easy/instances/netdiversion/instances/13.lp                 , Per iteration time: 0.000, Num cons: 2, Num BDD layers: 8.
file: easy/instances/netdiversion/instances/14.lp                 , Per iteration time: 0.000, Num cons: 2, Num BDD layers: 8.
file: easy/instances/netdiversion/instances/15.lp                 , Per iteration time: 0.000, Num cons: 2468, Num BDD layers: 14568.
file: easy/instances/netdiversion/instances/3.lp                  , Per iteration time: 0.000, Num cons: 2466, Num BDD layers: 14576.
file: easy/instances/netdiversion/instances/4.lp                  , Per iteration time: 0.001, Num cons: 2468, Num BDD layers: 14628.
file: easy/instances/netdiversion/instances/5.lp                  , Per iteration time: 0.000, Num cons: 2459, Num BDD layers: 14552.
file: easy/instances/netdiversion/instances/6.lp                  , Per iteration time: 0.000, Num cons: 2, Num BDD layers: 8.
file: easy/instances/netdiversion/instances/7.lp                  , Per iteration time: 0.000, Num cons: 2470, Num BDD layers: 14552.
file: easy/instances/netdiversion/instances/8.lp                  , Per iteration time: 0.000, Num cons: 2, Num BDD layers: 8.
file: easy/instances/netdiversion/instances/9.lp                  , Per iteration time: 0.000, Num cons: 2469, Num BDD layers: 14599.
file: easy/instances/n2seq36f/instances/0.lp                      , Per iteration time: 0.040, Num cons: 6970, Num BDD layers: 51379.
file: easy/instances/f2gap401600/instances/0.lp                   , Per iteration time: 0.013, Num cons: 40, Num BDD layers: 3240.
file: easy/instances/air03/instances/0.lp                         , Per iteration time: 0.059, Num cons: 95, Num BDD layers: 54584.
file: easy/instances/tanglegram6/instances/0.lp                   , Per iteration time: 0.000, Num cons: 132, Num BDD layers: 528.
file: easy/instances/tanglegram6/instances/1.lp                   , Per iteration time: 0.000, Num cons: 786, Num BDD layers: 3144.
file: easy/instances/tanglegram6/instances/2.lp                   , Per iteration time: 0.000, Num cons: 1603, Num BDD layers: 6412.
file: easy/instances/tanglegram6/instances/3.lp                   , Per iteration time: 0.000, Num cons: 599, Num BDD layers: 2396.
file: easy/instances/peg-solitaire-a3/instances/0.lp              , Per iteration time: 0.002, Num cons: 2498, Num BDD layers: 18092.
file: easy/instances/bley_xl1/instances/0.lp                      , Per iteration time: 0.002, Num cons: 2432, Num BDD layers: 10912.
file: easy/instances/bley_xl1/instances/1.lp                      , Per iteration time: 0.002, Num cons: 2470, Num BDD layers: 11391.
file: easy/instances/neos-2328163-agri/instances/0.lp             , Per iteration time: 0.003, Num cons: 1924, Num BDD layers: 14040.
file: easy/instances/cod105/instances/0.lp                        , Per iteration time: 0.002, Num cons: 1024, Num BDD layers: 58368.
file: easy/instances/neos-960392/instances/0.lp                   , Per iteration time: 0.046, Num cons: 1207, Num BDD layers: 9970.
file: easy/instances/ponderthis0517-inf/instances/0.lp            , Per iteration time: 0.001, Num cons: 78, Num BDD layers: 3003.
file: easy/instances/supportcase16/instances/0.lp                 , Per iteration time: 0.001, Num cons: 56, Num BDD layers: 539.
file: easy/instances/cvs16r106-72/instances/0.lp                  , Per iteration time: 0.003, Num cons: 2282, Num BDD layers: 8462.
file: easy/instances/neos-876808/instances/0.lp                   , Per iteration time: 0.002, Num cons: 296, Num BDD layers: 1830.
file: easy/instances/neos18/instances/0.lp                        , Per iteration time: 0.001, Num cons: 231, Num BDD layers: 825.
file: easy/instances/acc-tight4/instances/0.lp                    , Per iteration time: 0.001, Num cons: 1890, Num BDD layers: 16128.
file: easy/instances/neos-829552/instances/0.lp                   , Per iteration time: 0.001, Num cons: 27, Num BDD layers: 725.
file: easy/instances/neos-829552/instances/1.lp                   , Per iteration time: 0.001, Num cons: 35, Num BDD layers: 1213.
file: easy/instances/stein45inf/instances/0.lp                    , Per iteration time: 0.001, Num cons: 332, Num BDD layers: 1411.
file: easy/instances/cvs08r139-94/instances/0.lp                  , Per iteration time: 0.005, Num cons: 2398, Num BDD layers: 8854.
file: easy/instances/f2gap40400/instances/0.lp                    , Per iteration time: 0.001, Num cons: 40, Num BDD layers: 840.
file: easy/instances/supportcase11/instances/0.lp                 , Per iteration time: 0.000, Num cons: 298, Num BDD layers: 1892.
file: easy/instances/chromaticindex32-8/instances/0.lp            , Per iteration time: 0.000, Num cons: 2111, Num BDD layers: 10547.
file: easy/instances/neos-780889/instances/0.lp                   , Per iteration time: 0.009, Num cons: 418, Num BDD layers: 14224.
file: easy/instances/supportcase29/instances/0.lp                 , Per iteration time: 0.006, Num cons: 241, Num BDD layers: 961.
file: easy/instances/supportcase29/instances/1.lp                 , Per iteration time: 0.006, Num cons: 241, Num BDD layers: 961.
file: easy/instances/supportcase29/instances/2.lp                 , Per iteration time: 0.006, Num cons: 241, Num BDD layers: 961.
file: easy/instances/neos-956971_renameddup/instances/0.lp        , Per iteration time: 0.022, Num cons: 270, Num BDD layers: 8067.
file: easy/instances/supportcase4/instances/0.lp                  , Per iteration time: 0.000, Num cons: 2349, Num BDD layers: 14661.
file: easy/instances/academictimetablesmall/instances/0.lp        , Per iteration time: 0.001, Num cons: 1194, Num BDD layers: 9091.
file: easy/instances/academictimetablesmall/instances/1.lp        , Per iteration time: 0.014, Num cons: 1182, Num BDD layers: 21906.
file: easy/instances/academictimetablesmall/instances/2.lp        , Per iteration time: 0.014, Num cons: 1138, Num BDD layers: 20331.
file: easy/instances/neos-5129192-manaia/instances/0.lp           , Per iteration time: 0.000, Num cons: 12, Num BDD layers: 90.
file: easy/instances/cvs16r89-60/instances/0.lp                   , Per iteration time: 0.003, Num cons: 2316, Num BDD layers: 8592.
file: easy/instances/iis-hc-cov/instances/0.lp                    , Per iteration time: 0.001, Num cons: 2458, Num BDD layers: 38423.
file: easy/instances/iis-hc-cov/instances/1.lp                    , Per iteration time: 0.001, Num cons: 2455, Num BDD layers: 38372.
file: easy/instances/neos-831188/instances/0.lp                   , Per iteration time: 0.002, Num cons: 2153, Num BDD layers: 13357.
file: easy/instances/vpphard2/instances/0.lp                      , Per iteration time: 0.003, Num cons: 2428, Num BDD layers: 16815.
file: easy/instances/vpphard2/instances/1.lp                      , Per iteration time: 0.003, Num cons: 2360, Num BDD layers: 15970.
file: easy/instances/vpphard2/instances/2.lp                      , Per iteration time: 0.002, Num cons: 498, Num BDD layers: 3240.
file: easy/instances/chromaticindex256-8/instances/0.lp           , Per iteration time: 0.000, Num cons: 7, Num BDD layers: 31.
file: easy/instances/chromaticindex256-8/instances/1.lp           , Per iteration time: 0.000, Num cons: 11, Num BDD layers: 47.
file: easy/instances/neos-3988577-wolgan/instances/0.lp           , Per iteration time: 0.001, Num cons: 29, Num BDD layers: 213.
file: easy/instances/neos-3988577-wolgan/instances/1.lp           , Per iteration time: 0.000, Num cons: 17, Num BDD layers: 147.
file: easy/instances/neos-3988577-wolgan/instances/2.lp           , Per iteration time: 0.001, Num cons: 27, Num BDD layers: 247.
file: easy/instances/neos-3988577-wolgan/instances/3.lp           , Per iteration time: 0.001, Num cons: 22, Num BDD layers: 182.
file: easy/instances/neos-3988577-wolgan/instances/4.lp           , Per iteration time: 0.001, Num cons: 26, Num BDD layers: 229.
file: easy/instances/neos-3988577-wolgan/instances/5.lp           , Per iteration time: 0.001, Num cons: 22, Num BDD layers: 198.
file: easy/instances/neos-3988577-wolgan/instances/6.lp           , Per iteration time: 0.001, Num cons: 22, Num BDD layers: 198.
file: easy/instances/iis-glass-cov/instances/0.lp                 , Per iteration time: 0.000, Num cons: 2500, Num BDD layers: 28842.
file: easy/instances/iis-glass-cov/instances/1.lp                 , Per iteration time: 0.000, Num cons: 2500, Num BDD layers: 28599.
file: easy/instances/neos-957143/instances/0.lp                   , Per iteration time: 0.007, Num cons: 330, Num BDD layers: 16840.
file: easy/instances/supportcase14/instances/0.lp                 , Per iteration time: 0.001, Num cons: 55, Num BDD layers: 532.
file: easy/instances/mitre/instances/0.lp                         , Per iteration time: 0.004, Num cons: 1132, Num BDD layers: 16312.
file: easy/instances/neos-633273/instances/0.lp                   , Per iteration time: 0.001, Num cons: 21, Num BDD layers: 101.
file: easy/instances/air05/instances/0.lp                         , Per iteration time: 0.008, Num cons: 338, Num BDD layers: 36575.
file: easy/instances/seymour/instances/0.lp                       , Per iteration time: 0.001, Num cons: 1825, Num BDD layers: 14376.
file: easy/instances/neos-3148108-pahi/instances/0.lp             , Per iteration time: 0.001, Num cons: 1723, Num BDD layers: 13245.
file: easy/instances/neos-3148108-pahi/instances/1.lp             , Per iteration time: 0.001, Num cons: 1757, Num BDD layers: 13183.
file: easy/instances/cvs16r70-62/instances/0.lp                   , Per iteration time: 0.002, Num cons: 2273, Num BDD layers: 8125.
file: easy/instances/ab51-40-100/instances/0.lp                   , Per iteration time: 0.005, Num cons: 36, Num BDD layers: 4223.
file: easy/instances/neos-1516309/instances/0.lp                  , Per iteration time: 0.018, Num cons: 84, Num BDD layers: 5584.
file: easy/instances/tanglegram4/instances/0.lp                   , Per iteration time: 0.000, Num cons: 86, Num BDD layers: 344.
file: easy/instances/tanglegram4/instances/1.lp                   , Per iteration time: 0.000, Num cons: 10, Num BDD layers: 40.
file: easy/instances/tanglegram4/instances/10.lp                  , Per iteration time: 0.000, Num cons: 46, Num BDD layers: 184.
file: easy/instances/tanglegram4/instances/11.lp                  , Per iteration time: 0.000, Num cons: 44, Num BDD layers: 176.
file: easy/instances/tanglegram4/instances/12.lp                  , Per iteration time: 0.000, Num cons: 44, Num BDD layers: 176.
file: easy/instances/tanglegram4/instances/13.lp                  , Per iteration time: 0.000, Num cons: 48, Num BDD layers: 192.
file: easy/instances/tanglegram4/instances/14.lp                  , Per iteration time: 0.000, Num cons: 70, Num BDD layers: 280.
file: easy/instances/tanglegram4/instances/15.lp                  , Per iteration time: 0.000, Num cons: 44, Num BDD layers: 176.
file: easy/instances/tanglegram4/instances/16.lp                  , Per iteration time: 0.000, Num cons: 54, Num BDD layers: 216.
file: easy/instances/tanglegram4/instances/17.lp                  , Per iteration time: 0.000, Num cons: 48, Num BDD layers: 192.
file: easy/instances/tanglegram4/instances/18.lp                  , Per iteration time: 0.000, Num cons: 34, Num BDD layers: 136.
file: easy/instances/tanglegram4/instances/19.lp                  , Per iteration time: 0.000, Num cons: 48, Num BDD layers: 192.
file: easy/instances/tanglegram4/instances/2.lp                   , Per iteration time: 0.000, Num cons: 32, Num BDD layers: 128.
file: easy/instances/tanglegram4/instances/20.lp                  , Per iteration time: 0.000, Num cons: 751, Num BDD layers: 3004.
file: easy/instances/tanglegram4/instances/21.lp                  , Per iteration time: 0.000, Num cons: 44, Num BDD layers: 176.
file: easy/instances/tanglegram4/instances/3.lp                   , Per iteration time: 0.000, Num cons: 48, Num BDD layers: 192.
file: easy/instances/tanglegram4/instances/4.lp                   , Per iteration time: 0.000, Num cons: 76, Num BDD layers: 304.
file: easy/instances/tanglegram4/instances/5.lp                   , Per iteration time: 0.000, Num cons: 44, Num BDD layers: 176.
file: easy/instances/tanglegram4/instances/6.lp                   , Per iteration time: 0.000, Num cons: 88, Num BDD layers: 352.
file: easy/instances/tanglegram4/instances/7.lp                   , Per iteration time: 0.000, Num cons: 218, Num BDD layers: 872.
file: easy/instances/tanglegram4/instances/8.lp                   , Per iteration time: 0.000, Num cons: 44, Num BDD layers: 176.
file: easy/instances/tanglegram4/instances/9.lp                   , Per iteration time: 0.000, Num cons: 48, Num BDD layers: 192.
file: easy/instances/neos-3555904-turama/instances/0.lp           , Per iteration time: 0.000, Num cons: 10, Num BDD layers: 38.
file: easy/instances/neos-3555904-turama/instances/1.lp           , Per iteration time: 0.005, Num cons: 409, Num BDD layers: 2072.
file: easy/instances/neos-3555904-turama/instances/2.lp           , Per iteration time: 0.000, Num cons: 18, Num BDD layers: 70.
file: easy/instances/neos-3555904-turama/instances/3.lp           , Per iteration time: 0.006, Num cons: 879, Num BDD layers: 4203.
file: easy/instances/neos-3555904-turama/instances/4.lp           , Per iteration time: 0.018, Num cons: 2462, Num BDD layers: 14465.
file: easy/instances/neos-3555904-turama/instances/5.lp           , Per iteration time: 0.008, Num cons: 1010, Num BDD layers: 5002.
file: easy/instances/neos-3555904-turama/instances/6.lp           , Per iteration time: 0.019, Num cons: 2027, Num BDD layers: 12044.
file: easy/instances/neos-3555904-turama/instances/7.lp           , Per iteration time: 0.011, Num cons: 920, Num BDD layers: 5425.
file: easy/instances/chromaticindex128-5/instances/0.lp           , Per iteration time: 0.000, Num cons: 7, Num BDD layers: 31.
file: easy/instances/ab71-20-100/instances/0.lp                   , Per iteration time: 0.021, Num cons: 2424, Num BDD layers: 60829.
file: easy/instances/stein15inf/instances/0.lp                    , Per iteration time: 0.000, Num cons: 37, Num BDD layers: 172.
file: easy/instances/glass-sc/instances/0.lp                      , Per iteration time: 0.000, Num cons: 2501, Num BDD layers: 28407.
file: easy/instances/glass-sc/instances/1.lp                      , Per iteration time: 0.000, Num cons: 2498, Num BDD layers: 28364.
file: easy/instances/acc-tight5/instances/0.lp                    , Per iteration time: 0.001, Num cons: 1450, Num BDD layers: 11180.
file: easy/instances/neos-1330346/instances/0.lp                  , Per iteration time: 0.001, Num cons: 1620, Num BDD layers: 10692.
file: easy/instances/neos-3437289-erdre/instances/0.lp            , Per iteration time: 0.001, Num cons: 2054, Num BDD layers: 30760.
file: easy/instances/acc-tight2/instances/0.lp                    , Per iteration time: 0.001, Num cons: 1224, Num BDD layers: 14121.
file: easy/instances/neos-827015/instances/0.lp                   , Per iteration time: 0.002, Num cons: 1047, Num BDD layers: 5995.
file: easy/instances/neos-827015/instances/1.lp                   , Per iteration time: 0.002, Num cons: 1029, Num BDD layers: 6042.
file: easy/instances/f2gap201600/instances/0.lp                   , Per iteration time: 0.024, Num cons: 20, Num BDD layers: 3220.
file: easy/instances/ab69-40-100/instances/0.lp                   , Per iteration time: 0.025, Num cons: 238, Num BDD layers: 64825.
file: easy/instances/ab72-40-100/instances/0.lp                   , Per iteration time: 0.025, Num cons: 475, Num BDD layers: 34095.
cumulative execution time for flush_forward_states is 0 ms
cumulative execution time for backward_iteration is 3221 ms
cumulative execution time for flush_backward_states is 0 ms
cumulative execution time for min_marginals_from_directional_costs is 5615 ms
cumulative execution time for forward_iteration is 3342 ms
cumulative execution time for iteration is 6564 ms
cumulative execution time for backward_run is 39 ms
cumulative execution time for lower_bound is 92 ms
