file: easy/instances/vpphard/instances/0.lp                       , LP obj:       0.000, ILP obj: nan, Percent rel. gap: nan, BDD LB:       0.000, Percent BDD LB gap: 0.000, Num cons: 2358, Num BDD layers: 34502
file: easy/instances/vpphard/instances/1.lp                       , LP obj:       0.000, ILP obj: nan, Percent rel. gap: nan, BDD LB:       0.000, Percent BDD LB gap: 0.000, Num cons: 1685, Num BDD layers: 18491
file: easy/instances/chromaticindex1024-7/instances/0.lp          , LP obj:       0.000, ILP obj: nan, Percent rel. gap: nan, BDD LB:       0.000, Percent BDD LB gap: 0.000, Num cons: 6, Num BDD layers: 22
file: easy/instances/air04/instances/0.lp                         , LP obj:   53190.436, ILP obj: nan, Percent rel. gap: nan, BDD LB:   46604.090, Percent BDD LB gap: 12.383, Num cons: 598, Num BDD layers: 45814
file: easy/instances/ab67-40-100/instances/0.lp                   , LP obj: -24463589727.000, ILP obj: nan, Percent rel. gap: nan, BDD LB: -24463589920.910, Percent BDD LB gap: 0.000, Num cons: 27, Num BDD layers: 534
file: easy/instances/disctom/instances/0.lp                       , LP obj:       0.000, ILP obj: nan, Percent rel. gap: nan, BDD LB:       0.000, Percent BDD LB gap: 0.000, Num cons: 394, Num BDD layers: 30367
file: easy/instances/f2gap801600/instances/0.lp                   , LP obj:   86570.121, ILP obj: nan, Percent rel. gap: nan, BDD LB:   86679.002, Percent BDD LB gap: -0.126, Num cons: 80, Num BDD layers: 3280
file: easy/instances/graph20-20-1rand/instances/0.lp              , LP obj:     -36.000, ILP obj: nan, Percent rel. gap: nan, BDD LB:     -37.000, Percent BDD LB gap: 2.778, Num cons: 2429, Num BDD layers: 12198
file: easy/instances/sorrell8/instances/0.lp                      , LP obj:    -271.349, ILP obj: nan, Percent rel. gap: nan, BDD LB:    -283.198, Percent BDD LB gap: 4.367, Num cons: 1554, Num BDD layers: 11083
file: easy/instances/eil33-2/instances/0.lp                       , LP obj:     811.279, ILP obj: nan, Percent rel. gap: nan, BDD LB:     745.960, Percent BDD LB gap: 8.051, Num cons: 32, Num BDD layers: 44275
file: easy/instances/stein9inf/instances/0.lp                     , LP obj:       4.000, ILP obj: nan, Percent rel. gap: nan, BDD LB:       3.200, Percent BDD LB gap: 20.000, Num cons: 13, Num BDD layers: 58
file: easy/instances/mod010/instances/0.lp                        , LP obj:    6452.083, ILP obj: nan, Percent rel. gap: nan, BDD LB:    4972.661, Percent BDD LB gap: 22.929, Num cons: 141, Num BDD layers: 8808
file: easy/instances/qap10/instances/0.lp                         , LP obj:     332.566, ILP obj: nan, Percent rel. gap: nan, BDD LB:     229.133, Percent BDD LB gap: 31.102, Num cons: 1820, Num BDD layers: 20020
file: easy/instances/toll-like/instances/0.lp                     , LP obj:       0.000, ILP obj: nan, Percent rel. gap: nan, BDD LB:       0.000, Percent BDD LB gap: 0.000, Num cons: 2148, Num BDD layers: 8592
file: easy/instances/neos-1599274/instances/0.lp                  , LP obj:   31235.743, ILP obj: nan, Percent rel. gap: nan, BDD LB:   26047.770, Percent BDD LB gap: 16.609, Num cons: 1169, Num BDD layers: 44069
file: easy/instances/netdiversion/instances/0.lp                  , LP obj:       1.000, ILP obj: nan, Percent rel. gap: nan, BDD LB:       0.511, Percent BDD LB gap: 48.907, Num cons: 2469, Num BDD layers: 14307
file: easy/instances/netdiversion/instances/1.lp                  , LP obj:       0.000, ILP obj: nan, Percent rel. gap: nan, BDD LB:       0.000, Percent BDD LB gap: 0.000, Num cons: 2466, Num BDD layers: 14616
file: easy/instances/netdiversion/instances/10.lp                 , LP obj:       0.000, ILP obj: nan, Percent rel. gap: nan, BDD LB:       0.000, Percent BDD LB gap: 0.000, Num cons: 2467, Num BDD layers: 14690
file: easy/instances/netdiversion/instances/11.lp                 , LP obj:       0.000, ILP obj: nan, Percent rel. gap: nan, BDD LB:       0.000, Percent BDD LB gap: 0.000, Num cons: 2, Num BDD layers: 8
file: easy/instances/netdiversion/instances/12.lp                 , LP obj:       0.000, ILP obj: nan, Percent rel. gap: nan, BDD LB:       0.000, Percent BDD LB gap: 0.000, Num cons: 2481, Num BDD layers: 14383
file: easy/instances/netdiversion/instances/13.lp                 , LP obj:       0.000, ILP obj: nan, Percent rel. gap: nan, BDD LB:       0.000, Percent BDD LB gap: 0.000, Num cons: 2, Num BDD layers: 8
file: easy/instances/netdiversion/instances/14.lp                 , LP obj:       0.000, ILP obj: nan, Percent rel. gap: nan, BDD LB:       0.000, Percent BDD LB gap: 0.000, Num cons: 2, Num BDD layers: 8
file: easy/instances/netdiversion/instances/15.lp                 , LP obj: -300004.000, ILP obj: nan, Percent rel. gap: nan, BDD LB: -300003.997, Percent BDD LB gap: -0.000, Num cons: 2468, Num BDD layers: 14568
file: easy/instances/netdiversion/instances/2.lp                  , LP obj:       0.000, ILP obj: nan, Percent rel. gap: nan, BDD LB:       0.000, Percent BDD LB gap: 0.000, Num cons: 1, Num BDD layers: 4
file: easy/instances/netdiversion/instances/3.lp                  , LP obj:       0.000, ILP obj: nan, Percent rel. gap: nan, BDD LB:       0.000, Percent BDD LB gap: 0.000, Num cons: 2466, Num BDD layers: 14576
file: easy/instances/netdiversion/instances/4.lp                  , LP obj:       0.000, ILP obj: nan, Percent rel. gap: nan, BDD LB:       0.000, Percent BDD LB gap: 0.000, Num cons: 2468, Num BDD layers: 14628
file: easy/instances/netdiversion/instances/5.lp                  , LP obj:       0.000, ILP obj: nan, Percent rel. gap: nan, BDD LB:       0.000, Percent BDD LB gap: 0.000, Num cons: 2459, Num BDD layers: 14552
file: easy/instances/netdiversion/instances/6.lp                  , LP obj:       0.000, ILP obj: nan, Percent rel. gap: nan, BDD LB:       0.000, Percent BDD LB gap: 0.000, Num cons: 2, Num BDD layers: 8
file: easy/instances/netdiversion/instances/7.lp                  , LP obj:       0.000, ILP obj: nan, Percent rel. gap: nan, BDD LB:       0.000, Percent BDD LB gap: 0.000, Num cons: 2470, Num BDD layers: 14552
file: easy/instances/netdiversion/instances/8.lp                  , LP obj:       0.000, ILP obj: nan, Percent rel. gap: nan, BDD LB:       0.000, Percent BDD LB gap: 0.000, Num cons: 2, Num BDD layers: 8
file: easy/instances/netdiversion/instances/9.lp                  , LP obj:       0.000, ILP obj: nan, Percent rel. gap: nan, BDD LB:       0.000, Percent BDD LB gap: 0.000, Num cons: 2469, Num BDD layers: 14599
file: easy/instances/n2seq36f/instances/0.lp                      , LP obj:   52000.000, ILP obj: nan, Percent rel. gap: nan, BDD LB:   51977.129, Percent BDD LB gap: 0.044, Num cons: 6970, Num BDD layers: 51379
file: easy/instances/f2gap401600/instances/0.lp                   , LP obj:   82274.237, ILP obj: nan, Percent rel. gap: nan, BDD LB:   82307.001, Percent BDD LB gap: -0.040, Num cons: 40, Num BDD layers: 3240
file: easy/instances/air03/instances/0.lp                         , LP obj:  198058.250, ILP obj: nan, Percent rel. gap: nan, BDD LB:  111871.087, Percent BDD LB gap: 43.516, Num cons: 95, Num BDD layers: 54584
file: easy/instances/tanglegram6/instances/0.lp                   , LP obj:       0.000, ILP obj: nan, Percent rel. gap: nan, BDD LB:       0.000, Percent BDD LB gap: 0.000, Num cons: 132, Num BDD layers: 528
file: easy/instances/tanglegram6/instances/1.lp                   , LP obj:       0.000, ILP obj: nan, Percent rel. gap: nan, BDD LB:       0.000, Percent BDD LB gap: 0.000, Num cons: 786, Num BDD layers: 3144
file: easy/instances/tanglegram6/instances/2.lp                   , LP obj:       0.000, ILP obj: nan, Percent rel. gap: nan, BDD LB:       0.000, Percent BDD LB gap: 0.000, Num cons: 1603, Num BDD layers: 6412
file: easy/instances/tanglegram6/instances/3.lp                   , LP obj:       0.000, ILP obj: nan, Percent rel. gap: nan, BDD LB:       0.000, Percent BDD LB gap: 0.000, Num cons: 599, Num BDD layers: 2396
file: easy/instances/peg-solitaire-a3/instances/0.lp              , LP obj:       0.000, ILP obj: nan, Percent rel. gap: nan, BDD LB:       0.000, Percent BDD LB gap: 0.000, Num cons: 2498, Num BDD layers: 18092
file: easy/instances/bley_xl1/instances/0.lp                      , LP obj:      60.864, ILP obj: nan, Percent rel. gap: nan, BDD LB:      77.729, Percent BDD LB gap: -27.708, Num cons: 2432, Num BDD layers: 10912
file: easy/instances/bley_xl1/instances/1.lp                      , LP obj:      96.323, ILP obj: nan, Percent rel. gap: nan, BDD LB:      96.653, Percent BDD LB gap: -0.342, Num cons: 2470, Num BDD layers: 11391
file: easy/instances/neos-2328163-agri/instances/0.lp             , LP obj:   26069.000, ILP obj: nan, Percent rel. gap: nan, BDD LB:   13067.085, Percent BDD LB gap: 49.875, Num cons: 1924, Num BDD layers: 14040
file: easy/instances/cod105/instances/0.lp                        , LP obj:     -18.286, ILP obj: nan, Percent rel. gap: nan, BDD LB:     -18.286, Percent BDD LB gap: 0.000, Num cons: 1024, Num BDD layers: 58368
file: easy/instances/neos-960392/instances/0.lp                   , LP obj:    -238.000, ILP obj: nan, Percent rel. gap: nan, BDD LB:    -279.870, Percent BDD LB gap: 17.592, Num cons: 1207, Num BDD layers: 9970
file: easy/instances/ponderthis0517-inf/instances/0.lp            , LP obj:       0.000, ILP obj: nan, Percent rel. gap: nan, BDD LB:       0.000, Percent BDD LB gap: 0.000, Num cons: 78, Num BDD layers: 3003
file: easy/instances/supportcase16/instances/0.lp                 , LP obj:      71.000, ILP obj: nan, Percent rel. gap: nan, BDD LB:      68.782, Percent BDD LB gap: 3.123, Num cons: 56, Num BDD layers: 539
file: easy/instances/cvs16r106-72/instances/0.lp                  , LP obj:     -80.000, ILP obj: nan, Percent rel. gap: nan, BDD LB:     -84.032, Percent BDD LB gap: 5.041, Num cons: 2282, Num BDD layers: 8462
file: easy/instances/neos-876808/instances/0.lp                   , LP obj:   10728.197, ILP obj: nan, Percent rel. gap: nan, BDD LB:   10728.196, Percent BDD LB gap: 0.000, Num cons: 296, Num BDD layers: 1830
file: easy/instances/neos-876808/instances/1.lp                   , LP obj:       0.000, ILP obj: nan, Percent rel. gap: nan, BDD LB:       0.000, Percent BDD LB gap: 0.000, Num cons: 1, Num BDD layers: 6
file: easy/instances/neos-876808/instances/2.lp                   , LP obj:       0.000, ILP obj: nan, Percent rel. gap: nan, BDD LB:       0.000, Percent BDD LB gap: 0.000, Num cons: 1, Num BDD layers: 5
file: easy/instances/neos-876808/instances/3.lp                   , LP obj:       0.000, ILP obj: nan, Percent rel. gap: nan, BDD LB:       0.000, Percent BDD LB gap: 0.000, Num cons: 1, Num BDD layers: 6
file: easy/instances/neos-876808/instances/4.lp                   , LP obj:       0.000, ILP obj: nan, Percent rel. gap: nan, BDD LB:       0.000, Percent BDD LB gap: 0.000, Num cons: 1, Num BDD layers: 6
file: easy/instances/neos18/instances/0.lp                        , LP obj:       1.000, ILP obj: nan, Percent rel. gap: nan, BDD LB:       1.000, Percent BDD LB gap: 0.000, Num cons: 231, Num BDD layers: 825
file: easy/instances/acc-tight4/instances/0.lp                    , LP obj:       0.000, ILP obj: nan, Percent rel. gap: nan, BDD LB:       0.000, Percent BDD LB gap: 0.000, Num cons: 1890, Num BDD layers: 16128
file: easy/instances/neos-829552/instances/0.lp                   , LP obj:       0.002, ILP obj: nan, Percent rel. gap: nan, BDD LB:       0.002, Percent BDD LB gap: 0.000, Num cons: 27, Num BDD layers: 725
file: easy/instances/neos-829552/instances/1.lp                   , LP obj:       0.002, ILP obj: nan, Percent rel. gap: nan, BDD LB:       0.002, Percent BDD LB gap: -0.000, Num cons: 35, Num BDD layers: 1213
file: easy/instances/stein45inf/instances/0.lp                    , LP obj:      22.000, ILP obj: nan, Percent rel. gap: nan, BDD LB:      15.314, Percent BDD LB gap: 30.392, Num cons: 332, Num BDD layers: 1411
file: easy/instances/cvs08r139-94/instances/0.lp                  , LP obj:    -139.000, ILP obj: nan, Percent rel. gap: nan, BDD LB:    -163.054, Percent BDD LB gap: 17.305, Num cons: 2398, Num BDD layers: 8854
file: easy/instances/f2gap40400/instances/0.lp                    , LP obj:   20650.898, ILP obj: nan, Percent rel. gap: nan, BDD LB:   20772.000, Percent BDD LB gap: -0.586, Num cons: 40, Num BDD layers: 840
file: easy/instances/supportcase11/instances/0.lp                 , LP obj:      -5.495, ILP obj: nan, Percent rel. gap: nan, BDD LB:      -5.558, Percent BDD LB gap: 1.159, Num cons: 298, Num BDD layers: 1892
file: easy/instances/chromaticindex32-8/instances/0.lp            , LP obj:       3.000, ILP obj: nan, Percent rel. gap: nan, BDD LB:       2.992, Percent BDD LB gap: 0.270, Num cons: 2111, Num BDD layers: 10547
file: easy/instances/neos-780889/instances/0.lp                   , LP obj:  920060.000, ILP obj: nan, Percent rel. gap: nan, BDD LB:  920058.735, Percent BDD LB gap: 0.000, Num cons: 418, Num BDD layers: 14224
file: easy/instances/supportcase29/instances/0.lp                 , LP obj:       0.000, ILP obj: nan, Percent rel. gap: nan, BDD LB:       0.000, Percent BDD LB gap: 0.000, Num cons: 241, Num BDD layers: 961
file: easy/instances/supportcase29/instances/1.lp                 , LP obj:       0.000, ILP obj: nan, Percent rel. gap: nan, BDD LB:       0.000, Percent BDD LB gap: 0.000, Num cons: 241, Num BDD layers: 961
file: easy/instances/supportcase29/instances/2.lp                 , LP obj:       0.000, ILP obj: nan, Percent rel. gap: nan, BDD LB:       0.000, Percent BDD LB gap: 0.000, Num cons: 241, Num BDD layers: 961
file: easy/instances/neos-956971_renameddup/instances/0.lp        , LP obj:     -10.958, ILP obj: nan, Percent rel. gap: nan, BDD LB:    -114.739, Percent BDD LB gap: 947.096, Num cons: 270, Num BDD layers: 8067
file: easy/instances/supportcase4/instances/0.lp                  , LP obj:       0.000, ILP obj: nan, Percent rel. gap: nan, BDD LB:       0.000, Percent BDD LB gap: 0.000, Num cons: 2349, Num BDD layers: 14661
file: easy/instances/academictimetablesmall/instances/0.lp        , LP obj:       0.000, ILP obj: nan, Percent rel. gap: nan, BDD LB:       0.000, Percent BDD LB gap: 0.000, Num cons: 1194, Num BDD layers: 9091
file: easy/instances/academictimetablesmall/instances/1.lp        , LP obj:       0.000, ILP obj: nan, Percent rel. gap: nan, BDD LB:       0.000, Percent BDD LB gap: 0.000, Num cons: 1182, Num BDD layers: 21906
file: easy/instances/academictimetablesmall/instances/2.lp        , LP obj:      -1.000, ILP obj: nan, Percent rel. gap: nan, BDD LB:      -1.000, Percent BDD LB gap: -0.000, Num cons: 1138, Num BDD layers: 20331
file: easy/instances/academictimetablesmall/instances/3.lp        , LP obj:       0.000, ILP obj: nan, Percent rel. gap: nan, BDD LB:       0.000, Percent BDD LB gap: 0.000, Num cons: 1106, Num BDD layers: 20602
file: easy/instances/neos-5129192-manaia/instances/0.lp           , LP obj:       0.000, ILP obj: nan, Percent rel. gap: nan, BDD LB:       0.000, Percent BDD LB gap: 0.000, Num cons: 12, Num BDD layers: 90
file: easy/instances/app2-2/instances/0.lp                        , LP obj:  212040.357, ILP obj: nan, Percent rel. gap: nan, BDD LB:  212031.896, Percent BDD LB gap: 0.004, Num cons: 2770, Num BDD layers: 46104
file: easy/instances/cvs16r89-60/instances/0.lp                   , LP obj:     -84.000, ILP obj: nan, Percent rel. gap: nan, BDD LB:     -84.793, Percent BDD LB gap: 0.944, Num cons: 2316, Num BDD layers: 8592
file: easy/instances/iis-hc-cov/instances/0.lp                    , LP obj:       6.863, ILP obj: nan, Percent rel. gap: nan, BDD LB:       4.499, Percent BDD LB gap: 34.451, Num cons: 2458, Num BDD layers: 38423
file: easy/instances/iis-hc-cov/instances/1.lp                    , LP obj:       7.065, ILP obj: nan, Percent rel. gap: nan, BDD LB:       4.637, Percent BDD LB gap: 34.365, Num cons: 2455, Num BDD layers: 38372
file: easy/instances/neos-831188/instances/0.lp                   , LP obj:       1.768, ILP obj: nan, Percent rel. gap: nan, BDD LB:       1.233, Percent BDD LB gap: 30.267, Num cons: 2153, Num BDD layers: 13357
file: easy/instances/opm2-z6-s1/instances/0.lp                    , LP obj:  -37339.130, ILP obj: nan, Percent rel. gap: nan, BDD LB:  -37458.671, Percent BDD LB gap: 0.320, Num cons: 9588, Num BDD layers: 112703
file: easy/instances/opm2-z6-s1/instances/1.lp                    , LP obj:  -37163.912, ILP obj: nan, Percent rel. gap: nan, BDD LB:  -37296.896, Percent BDD LB gap: 0.358, Num cons: 9634, Num BDD layers: 113193
file: easy/instances/vpphard2/instances/0.lp                      , LP obj:       0.000, ILP obj: nan, Percent rel. gap: nan, BDD LB:       0.000, Percent BDD LB gap: 0.000, Num cons: 2428, Num BDD layers: 16815
file: easy/instances/vpphard2/instances/1.lp                      , LP obj:       0.000, ILP obj: nan, Percent rel. gap: nan, BDD LB:       0.000, Percent BDD LB gap: 0.000, Num cons: 2360, Num BDD layers: 15970
file: easy/instances/vpphard2/instances/2.lp                      , LP obj:       0.000, ILP obj: nan, Percent rel. gap: nan, BDD LB:       0.000, Percent BDD LB gap: 0.000, Num cons: 498, Num BDD layers: 3240
file: easy/instances/chromaticindex256-8/instances/0.lp           , LP obj:       0.000, ILP obj: nan, Percent rel. gap: nan, BDD LB:       0.000, Percent BDD LB gap: 0.000, Num cons: 7, Num BDD layers: 31
file: easy/instances/chromaticindex256-8/instances/1.lp           , LP obj:       2.000, ILP obj: nan, Percent rel. gap: nan, BDD LB:       2.000, Percent BDD LB gap: 0.000, Num cons: 11, Num BDD layers: 47
file: easy/instances/opm2-z8-s0/instances/0.lp                    , LP obj: -115679.989, ILP obj: nan, Percent rel. gap: nan, BDD LB: -115722.638, Percent BDD LB gap: 0.037, Num cons: 17425, Num BDD layers: 226802
file: easy/instances/opm2-z8-s0/instances/1.lp                    , LP obj: -115834.583, ILP obj: nan, Percent rel. gap: nan, BDD LB: -115885.210, Percent BDD LB gap: 0.044, Num cons: 17391, Num BDD layers: 226414
file: easy/instances/opm2-z8-s0/instances/2.lp                    , LP obj: -116277.562, ILP obj: nan, Percent rel. gap: nan, BDD LB: -116330.535, Percent BDD LB gap: 0.046, Num cons: 17397, Num BDD layers: 226444
file: easy/instances/opm2-z8-s0/instances/3.lp                    , LP obj: -116372.165, ILP obj: nan, Percent rel. gap: nan, BDD LB: -116426.259, Percent BDD LB gap: 0.046, Num cons: 17349, Num BDD layers: 225978
file: easy/instances/opm2-z8-s0/instances/4.lp                    , LP obj: -116418.716, ILP obj: nan, Percent rel. gap: nan, BDD LB: -116465.765, Percent BDD LB gap: 0.040, Num cons: 17326, Num BDD layers: 225759
file: easy/instances/opm2-z8-s0/instances/5.lp                    , LP obj: -115831.821, ILP obj: nan, Percent rel. gap: nan, BDD LB: -115887.678, Percent BDD LB gap: 0.048, Num cons: 17384, Num BDD layers: 226351
file: easy/instances/neos-3988577-wolgan/instances/0.lp           , LP obj:       0.000, ILP obj: nan, Percent rel. gap: nan, BDD LB:       0.000, Percent BDD LB gap: 0.000, Num cons: 29, Num BDD layers: 213
file: easy/instances/neos-3988577-wolgan/instances/1.lp           , LP obj:       0.000, ILP obj: nan, Percent rel. gap: nan, BDD LB:       0.000, Percent BDD LB gap: 0.000, Num cons: 17, Num BDD layers: 147
file: easy/instances/neos-3988577-wolgan/instances/2.lp           , LP obj:       0.000, ILP obj: nan, Percent rel. gap: nan, BDD LB:       0.000, Percent BDD LB gap: 0.000, Num cons: 27, Num BDD layers: 247
file: easy/instances/neos-3988577-wolgan/instances/3.lp           , LP obj:       0.000, ILP obj: nan, Percent rel. gap: nan, BDD LB:       0.000, Percent BDD LB gap: 0.000, Num cons: 22, Num BDD layers: 182
file: easy/instances/neos-3988577-wolgan/instances/4.lp           , LP obj:       0.000, ILP obj: nan, Percent rel. gap: nan, BDD LB:       0.000, Percent BDD LB gap: 0.000, Num cons: 26, Num BDD layers: 229
file: easy/instances/neos-3988577-wolgan/instances/5.lp           , LP obj:       0.000, ILP obj: nan, Percent rel. gap: nan, BDD LB:       0.000, Percent BDD LB gap: 0.000, Num cons: 22, Num BDD layers: 198
file: easy/instances/neos-3988577-wolgan/instances/6.lp           , LP obj:       0.000, ILP obj: nan, Percent rel. gap: nan, BDD LB:       0.000, Percent BDD LB gap: 0.000, Num cons: 22, Num BDD layers: 198
file: easy/instances/iis-glass-cov/instances/0.lp                 , LP obj:      10.686, ILP obj: nan, Percent rel. gap: nan, BDD LB:       8.276, Percent BDD LB gap: 22.554, Num cons: 2500, Num BDD layers: 28842
file: easy/instances/iis-glass-cov/instances/1.lp                 , LP obj:      10.000, ILP obj: nan, Percent rel. gap: nan, BDD LB:       7.745, Percent BDD LB gap: 22.550, Num cons: 2500, Num BDD layers: 28599
file: easy/instances/neos-957143/instances/0.lp                   , LP obj:     -37.916, ILP obj: nan, Percent rel. gap: nan, BDD LB:    -120.040, Percent BDD LB gap: 216.599, Num cons: 330, Num BDD layers: 16840
file: easy/instances/supportcase14/instances/0.lp                 , LP obj:      71.000, ILP obj: nan, Percent rel. gap: nan, BDD LB:      68.575, Percent BDD LB gap: 3.415, Num cons: 55, Num BDD layers: 532
file: easy/instances/mitre/instances/0.lp                         , LP obj:  120660.000, ILP obj: nan, Percent rel. gap: nan, BDD LB:  111906.473, Percent BDD LB gap: 7.255, Num cons: 1132, Num BDD layers: 16312
file: easy/instances/neos-633273/instances/0.lp                   , LP obj: -314002024.884, ILP obj: nan, Percent rel. gap: nan, BDD LB: -314002039.717, Percent BDD LB gap: 0.000, Num cons: 21, Num BDD layers: 101
file: easy/instances/air05/instances/0.lp                         , LP obj:   24596.609, ILP obj: nan, Percent rel. gap: nan, BDD LB:   21800.238, Percent BDD LB gap: 11.369, Num cons: 338, Num BDD layers: 36575
file: easy/instances/seymour/instances/0.lp                       , LP obj:      86.426, ILP obj: nan, Percent rel. gap: nan, BDD LB:      77.206, Percent BDD LB gap: 10.668, Num cons: 1825, Num BDD layers: 14376
file: easy/instances/neos-3148108-pahi/instances/0.lp             , LP obj:       0.000, ILP obj: nan, Percent rel. gap: nan, BDD LB:       0.000, Percent BDD LB gap: 0.000, Num cons: 1723, Num BDD layers: 13245
file: easy/instances/neos-3148108-pahi/instances/1.lp             , LP obj:       0.000, ILP obj: nan, Percent rel. gap: nan, BDD LB:       0.000, Percent BDD LB gap: 0.000, Num cons: 1757, Num BDD layers: 13183
file: easy/instances/cvs16r70-62/instances/0.lp                   , LP obj:     -55.000, ILP obj: nan, Percent rel. gap: nan, BDD LB:     -57.812, Percent BDD LB gap: 5.113, Num cons: 2273, Num BDD layers: 8125
file: easy/instances/ab51-40-100/instances/0.lp                   , LP obj: -22014011305.000, ILP obj: nan, Percent rel. gap: nan, BDD LB: -22014011077.125, Percent BDD LB gap: -0.000, Num cons: 36, Num BDD layers: 4223
file: easy/instances/neos-1516309/instances/0.lp                  , LP obj:    6922.500, ILP obj: nan, Percent rel. gap: nan, BDD LB:    5571.954, Percent BDD LB gap: 19.510, Num cons: 84, Num BDD layers: 5584
file: easy/instances/tanglegram4/instances/0.lp                   , LP obj:       0.000, ILP obj: nan, Percent rel. gap: nan, BDD LB:       0.000, Percent BDD LB gap: 0.000, Num cons: 86, Num BDD layers: 344
file: easy/instances/tanglegram4/instances/1.lp                   , LP obj:       0.000, ILP obj: nan, Percent rel. gap: nan, BDD LB:       0.000, Percent BDD LB gap: 0.000, Num cons: 10, Num BDD layers: 40
file: easy/instances/tanglegram4/instances/10.lp                  , LP obj:       0.000, ILP obj: nan, Percent rel. gap: nan, BDD LB:       0.000, Percent BDD LB gap: 0.000, Num cons: 46, Num BDD layers: 184
file: easy/instances/tanglegram4/instances/11.lp                  , LP obj:       0.000, ILP obj: nan, Percent rel. gap: nan, BDD LB:       0.000, Percent BDD LB gap: 0.000, Num cons: 44, Num BDD layers: 176
file: easy/instances/tanglegram4/instances/12.lp                  , LP obj:       0.000, ILP obj: nan, Percent rel. gap: nan, BDD LB:       0.000, Percent BDD LB gap: 0.000, Num cons: 44, Num BDD layers: 176
file: easy/instances/tanglegram4/instances/13.lp                  , LP obj:       0.000, ILP obj: nan, Percent rel. gap: nan, BDD LB:       0.000, Percent BDD LB gap: 0.000, Num cons: 48, Num BDD layers: 192
file: easy/instances/tanglegram4/instances/14.lp                  , LP obj:       0.000, ILP obj: nan, Percent rel. gap: nan, BDD LB:       0.000, Percent BDD LB gap: 0.000, Num cons: 70, Num BDD layers: 280
file: easy/instances/tanglegram4/instances/15.lp                  , LP obj:       0.000, ILP obj: nan, Percent rel. gap: nan, BDD LB:       0.000, Percent BDD LB gap: 0.000, Num cons: 44, Num BDD layers: 176
file: easy/instances/tanglegram4/instances/16.lp                  , LP obj:       0.000, ILP obj: nan, Percent rel. gap: nan, BDD LB:       0.000, Percent BDD LB gap: 0.000, Num cons: 54, Num BDD layers: 216
file: easy/instances/tanglegram4/instances/17.lp                  , LP obj:       0.000, ILP obj: nan, Percent rel. gap: nan, BDD LB:       0.000, Percent BDD LB gap: 0.000, Num cons: 48, Num BDD layers: 192
file: easy/instances/tanglegram4/instances/18.lp                  , LP obj:       0.000, ILP obj: nan, Percent rel. gap: nan, BDD LB:       0.000, Percent BDD LB gap: 0.000, Num cons: 34, Num BDD layers: 136
file: easy/instances/tanglegram4/instances/19.lp                  , LP obj:       0.000, ILP obj: nan, Percent rel. gap: nan, BDD LB:       0.000, Percent BDD LB gap: 0.000, Num cons: 48, Num BDD layers: 192
file: easy/instances/tanglegram4/instances/2.lp                   , LP obj:       0.000, ILP obj: nan, Percent rel. gap: nan, BDD LB:       0.000, Percent BDD LB gap: 0.000, Num cons: 32, Num BDD layers: 128
file: easy/instances/tanglegram4/instances/20.lp                  , LP obj:       0.000, ILP obj: nan, Percent rel. gap: nan, BDD LB:       0.000, Percent BDD LB gap: 0.000, Num cons: 751, Num BDD layers: 3004
file: easy/instances/tanglegram4/instances/21.lp                  , LP obj:       0.000, ILP obj: nan, Percent rel. gap: nan, BDD LB:       0.000, Percent BDD LB gap: 0.000, Num cons: 44, Num BDD layers: 176
file: easy/instances/tanglegram4/instances/3.lp                   , LP obj:       0.000, ILP obj: nan, Percent rel. gap: nan, BDD LB:       0.000, Percent BDD LB gap: 0.000, Num cons: 48, Num BDD layers: 192
file: easy/instances/tanglegram4/instances/4.lp                   , LP obj:       0.000, ILP obj: nan, Percent rel. gap: nan, BDD LB:       0.000, Percent BDD LB gap: 0.000, Num cons: 76, Num BDD layers: 304
file: easy/instances/tanglegram4/instances/5.lp                   , LP obj:       0.000, ILP obj: nan, Percent rel. gap: nan, BDD LB:       0.000, Percent BDD LB gap: 0.000, Num cons: 44, Num BDD layers: 176
file: easy/instances/tanglegram4/instances/6.lp                   , LP obj:       0.000, ILP obj: nan, Percent rel. gap: nan, BDD LB:       0.000, Percent BDD LB gap: 0.000, Num cons: 88, Num BDD layers: 352
file: easy/instances/tanglegram4/instances/7.lp                   , LP obj:       0.000, ILP obj: nan, Percent rel. gap: nan, BDD LB:       0.000, Percent BDD LB gap: 0.000, Num cons: 218, Num BDD layers: 872
file: easy/instances/tanglegram4/instances/8.lp                   , LP obj:       0.000, ILP obj: nan, Percent rel. gap: nan, BDD LB:       0.000, Percent BDD LB gap: 0.000, Num cons: 44, Num BDD layers: 176
file: easy/instances/tanglegram4/instances/9.lp                   , LP obj:       0.000, ILP obj: nan, Percent rel. gap: nan, BDD LB:       0.000, Percent BDD LB gap: 0.000, Num cons: 48, Num BDD layers: 192
file: easy/instances/neos-3555904-turama/instances/0.lp           , LP obj:     -10.000, ILP obj: nan, Percent rel. gap: nan, BDD LB:     -10.000, Percent BDD LB gap: 0.000, Num cons: 10, Num BDD layers: 38
file: easy/instances/neos-3555904-turama/instances/1.lp           , LP obj:    -175.200, ILP obj: nan, Percent rel. gap: nan, BDD LB:    -175.216, Percent BDD LB gap: 0.009, Num cons: 409, Num BDD layers: 2072
file: easy/instances/neos-3555904-turama/instances/2.lp           , LP obj:      -8.600, ILP obj: nan, Percent rel. gap: nan, BDD LB:      -8.600, Percent BDD LB gap: -0.000, Num cons: 18, Num BDD layers: 70
file: easy/instances/neos-3555904-turama/instances/3.lp           , LP obj:    -305.000, ILP obj: nan, Percent rel. gap: nan, BDD LB:    -305.048, Percent BDD LB gap: 0.016, Num cons: 879, Num BDD layers: 4203
file: easy/instances/neos-3555904-turama/instances/4.lp           , LP obj:      -8.800, ILP obj: nan, Percent rel. gap: nan, BDD LB:      -8.983, Percent BDD LB gap: 2.076, Num cons: 2462, Num BDD layers: 14465
file: easy/instances/neos-3555904-turama/instances/5.lp           , LP obj:     -25.500, ILP obj: nan, Percent rel. gap: nan, BDD LB:     -26.614, Percent BDD LB gap: 4.368, Num cons: 1010, Num BDD layers: 5002
file: easy/instances/neos-3555904-turama/instances/6.lp           , LP obj:    -765.500, ILP obj: nan, Percent rel. gap: nan, BDD LB:    -765.734, Percent BDD LB gap: 0.031, Num cons: 2027, Num BDD layers: 12044
file: easy/instances/neos-3555904-turama/instances/7.lp           , LP obj:    -346.300, ILP obj: nan, Percent rel. gap: nan, BDD LB:    -346.322, Percent BDD LB gap: 0.006, Num cons: 920, Num BDD layers: 5425
file: easy/instances/chromaticindex128-5/instances/0.lp           , LP obj:       0.000, ILP obj: nan, Percent rel. gap: nan, BDD LB:       0.000, Percent BDD LB gap: 0.000, Num cons: 7, Num BDD layers: 31
file: easy/instances/ab71-20-100/instances/0.lp                   , LP obj: -10461951031.403, ILP obj: nan, Percent rel. gap: nan, BDD LB: -11279278618.825, Percent BDD LB gap: 7.812, Num cons: 2424, Num BDD layers: 60829
file: easy/instances/stein15inf/instances/0.lp                    , LP obj:       7.000, ILP obj: nan, Percent rel. gap: nan, BDD LB:       5.252, Percent BDD LB gap: 24.969, Num cons: 37, Num BDD layers: 172
file: easy/instances/glass-sc/instances/0.lp                      , LP obj:       9.000, ILP obj: nan, Percent rel. gap: nan, BDD LB:       7.171, Percent BDD LB gap: 20.320, Num cons: 2501, Num BDD layers: 28407
file: easy/instances/glass-sc/instances/1.lp                      , LP obj:       9.963, ILP obj: nan, Percent rel. gap: nan, BDD LB:       7.119, Percent BDD LB gap: 28.544, Num cons: 2498, Num BDD layers: 28364
file: easy/instances/acc-tight5/instances/0.lp                    , LP obj:      -1.000, ILP obj: nan, Percent rel. gap: nan, BDD LB:      -1.000, Percent BDD LB gap: -0.000, Num cons: 1450, Num BDD layers: 11180
file: easy/instances/neos-1330346/instances/0.lp                  , LP obj:       4.500, ILP obj: nan, Percent rel. gap: nan, BDD LB:       4.327, Percent BDD LB gap: 3.852, Num cons: 1620, Num BDD layers: 10692
file: easy/instances/neos-3437289-erdre/instances/0.lp            , LP obj:       0.000, ILP obj: nan, Percent rel. gap: nan, BDD LB:       0.000, Percent BDD LB gap: 0.000, Num cons: 2054, Num BDD layers: 30760
file: easy/instances/acc-tight2/instances/0.lp                    , LP obj:       0.000, ILP obj: nan, Percent rel. gap: nan, BDD LB:       0.000, Percent BDD LB gap: 0.000, Num cons: 1224, Num BDD layers: 14121
file: easy/instances/neos-827015/instances/0.lp                   , LP obj:       0.010, ILP obj: nan, Percent rel. gap: nan, BDD LB:       0.010, Percent BDD LB gap: 0.000, Num cons: 1047, Num BDD layers: 5995
file: easy/instances/neos-827015/instances/1.lp                   , LP obj:       0.002, ILP obj: nan, Percent rel. gap: nan, BDD LB:       0.002, Percent BDD LB gap: 0.000, Num cons: 1029, Num BDD layers: 6042
file: easy/instances/f2gap201600/instances/0.lp                   , LP obj:   76429.862, ILP obj: nan, Percent rel. gap: nan, BDD LB:   76448.676, Percent BDD LB gap: -0.025, Num cons: 20, Num BDD layers: 3220
file: easy/instances/ab69-40-100/instances/0.lp                   , LP obj: -17262081556.143, ILP obj: nan, Percent rel. gap: nan, BDD LB: -17426758810.158, Percent BDD LB gap: 0.954, Num cons: 238, Num BDD layers: 64825
file: easy/instances/opm2-z7-s8/instances/0.lp                    , LP obj:  -68706.462, ILP obj: nan, Percent rel. gap: nan, BDD LB:  -68737.911, Percent BDD LB gap: 0.046, Num cons: 12087, Num BDD layers: 151241
file: easy/instances/opm2-z7-s8/instances/1.lp                    , LP obj:  -69025.820, ILP obj: nan, Percent rel. gap: nan, BDD LB:  -69120.774, Percent BDD LB gap: 0.138, Num cons: 12089, Num BDD layers: 151273
file: easy/instances/opm2-z7-s8/instances/2.lp                    , LP obj:  -69466.280, ILP obj: nan, Percent rel. gap: nan, BDD LB:  -69483.986, Percent BDD LB gap: 0.025, Num cons: 12091, Num BDD layers: 151275
file: easy/instances/opm2-z7-s8/instances/3.lp                    , LP obj:  -69135.000, ILP obj: nan, Percent rel. gap: nan, BDD LB:  -69151.922, Percent BDD LB gap: 0.024, Num cons: 12067, Num BDD layers: 151015
file: easy/instances/ab72-40-100/instances/0.lp                   , LP obj: -15622026286.153, ILP obj: nan, Percent rel. gap: nan, BDD LB: -15966796275.123, Percent BDD LB gap: 2.207, Num cons: 475, Num BDD layers: 34095
cumulative execution time for backward_run is 457 ms
cumulative execution time for lower_bound is 515 ms
